<?xml version="1.0" encoding="UTF-8" ?>
<testsuite tests="1" failures="0" name="cucumberOptionsRunner.TestRunner2" time="0" errors="1" skipped="0">
  <properties>
    <property name="java.runtime.name" value="Java(TM) SE Runtime Environment"/>
    <property name="sun.boot.library.path" value="C:\Program Files\Java\jdk1.8.0_91\jre\bin"/>
    <property name="java.vm.version" value="25.91-b15"/>
    <property name="java.vm.vendor" value="Oracle Corporation"/>
    <property name="maven.multiModuleProjectDirectory" value="C:\Tanu Docs\Dec2018WorkSpace\CucumberFIrstProjectRahul"/>
    <property name="java.vendor.url" value="http://java.oracle.com/"/>
    <property name="path.separator" value=";"/>
    <property name="guice.disable.misplaced.annotation.check" value="true"/>
    <property name="java.vm.name" value="Java HotSpot(TM) 64-Bit Server VM"/>
    <property name="file.encoding.pkg" value="sun.io"/>
    <property name="user.script" value=""/>
    <property name="user.country" value="GB"/>
    <property name="sun.java.launcher" value="SUN_STANDARD"/>
    <property name="sun.os.patch.level" value=""/>
    <property name="java.vm.specification.name" value="Java Virtual Machine Specification"/>
    <property name="user.dir" value="C:\Tanu Docs\Dec2018WorkSpace\CucumberFIrstProjectRahul"/>
    <property name="java.runtime.version" value="1.8.0_91-b15"/>
    <property name="java.awt.graphicsenv" value="sun.awt.Win32GraphicsEnvironment"/>
    <property name="java.endorsed.dirs" value="C:\Program Files\Java\jdk1.8.0_91\jre\lib\endorsed"/>
    <property name="os.arch" value="amd64"/>
    <property name="java.io.tmpdir" value="C:\Users\Tanushri\AppData\Local\Temp\"/>
    <property name="line.separator" value="
"/>
    <property name="java.vm.specification.vendor" value="Oracle Corporation"/>
    <property name="user.variant" value=""/>
    <property name="os.name" value="Windows 10"/>
    <property name="classworlds.conf" value="C:\Tanu Docs\TS\AUTOMATION PRACTICE\AllDownloadedFiles\apache-maven-3.6.0-bin\apache-maven-3.6.0\bin\..\bin\m2.conf"/>
    <property name="sun.jnu.encoding" value="Cp1252"/>
    <property name="java.library.path" value="C:\Program Files\Java\jdk1.8.0_91\bin;C:\WINDOWS\Sun\Java\bin;C:\WINDOWS\system32;C:\WINDOWS;C:\Program Files\Python37\Scripts\;C:\Program Files\Python37\;C:\Tanu Docs\TS\SELENIUM_PRACTICE\SoftwareTestingMaterials\BUILD_AND_CONTINUOUS_INTEGRATION_TOOLS\apache-ant-1.10.5-bin\apache-ant-1.10.5;C:\ProgramData\Oracle\Java\javapath;C:\Program Files (x86)\Intel\iCLS Client\;C:\Program Files\Intel\iCLS Client\;C:\WINDOWS\system32;C:\WINDOWS;C:\WINDOWS\System32\Wbem;C:\WINDOWS\System32\WindowsPowerShell\v1.0\;C:\Program Files (x86)\Intel\Intel(R) Management Engine Components\DAL;C:\Program Files\Intel\Intel(R) Management Engine Components\DAL;C:\Program Files (x86)\Intel\Intel(R) Management Engine Components\IPT;C:\Program Files\Intel\Intel(R) Management Engine Components\IPT;C:\Program Files\Java\jdk1.8.0_91\bin;C:\Program Files\Java\jdk1.8.0_91\bin;C:\Tanu Docs\TS\SELENIUM_PRACTICE\SoftwareTestingMaterials\BUILD_AND_CONTINUOUS_INTEGRATION_TOOLS\apache-ant-1.10.5-bin\apache-ant-1.10.5\bin;C:\Tanu Docs\TS\SELENIUM_PRACTICE\Mukesh Otwani\SeleniumDownloads\Chromedriver\chromedriver 2.34 _win32;C:\Tanu Docs\TS\SELENIUM_PRACTICE\Mukesh Otwani\SeleniumDownloads\geckodriver-v0.19.1-win64;C:\PostgreSQL\pg10\bin;C:\WINDOWS\System32\OpenSSH\;C:\Users\Tanushri\AppData\Local\Android\sdk\tools;C:\Users\Tanushri\AppData\Local\Android\sdk\platform-tools%;C:\Users\Tanushri\AppData\Local\Android\sdk\tools\bin;C:\Users\Tanushri\AppData\Local\Android\sdk\tools;C:\Users\Tanushri\AppData\Local\Android\sdk\platform-tools;C:\Program Files\MySQL\MySQL Utilities 1.6\;C:\Tanu Docs\TS\AUTOMATION PRACTICE\AllDownloadedFiles\apache-maven-3.6.0-bin\apache-maven-3.6.0\bin;C:\Tanu Docs\TS\AUTOMATION PRACTICE\AllDownloadedFiles\apache-maven-3.6.0-bin\apache-maven-3.6.0\bin;C:\Program Files\nodejs;C:\Users\Tanushri\AppData\Local\Microsoft\WindowsApps;C:\Program Files\JetBrains\IntelliJ IDEA 2018.3.6\bin;C:\Users\Tanushri\AppData\Roaming\npm;C:\Users\Tanushri\AppData\Local\GitHubDesktop\bin;."/>
    <property name="maven.conf" value="C:\Tanu Docs\TS\AUTOMATION PRACTICE\AllDownloadedFiles\apache-maven-3.6.0-bin\apache-maven-3.6.0\bin\../conf"/>
    <property name="java.specification.name" value="Java Platform API Specification"/>
    <property name="java.class.version" value="52.0"/>
    <property name="sun.management.compiler" value="HotSpot 64-Bit Tiered Compilers"/>
    <property name="os.version" value="10.0"/>
    <property name="library.jansi.path" value="C:\Tanu Docs\TS\AUTOMATION PRACTICE\AllDownloadedFiles\apache-maven-3.6.0-bin\apache-maven-3.6.0\bin\..\lib\jansi-native"/>
    <property name="user.home" value="C:\Users\Tanushri"/>
    <property name="user.timezone" value="Asia/Calcutta"/>
    <property name="java.awt.printerjob" value="sun.awt.windows.WPrinterJob"/>
    <property name="java.specification.version" value="1.8"/>
    <property name="file.encoding" value="Cp1252"/>
    <property name="user.name" value="Tanushri"/>
    <property name="java.class.path" value="C:\Tanu Docs\TS\AUTOMATION PRACTICE\AllDownloadedFiles\apache-maven-3.6.0-bin\apache-maven-3.6.0\bin\..\boot\plexus-classworlds-2.5.2.jar"/>
    <property name="java.vm.specification.version" value="1.8"/>
    <property name="sun.arch.data.model" value="64"/>
    <property name="java.home" value="C:\Program Files\Java\jdk1.8.0_91\jre"/>
    <property name="sun.java.command" value="org.codehaus.plexus.classworlds.launcher.Launcher test"/>
    <property name="java.specification.vendor" value="Oracle Corporation"/>
    <property name="user.language" value="en"/>
    <property name="awt.toolkit" value="sun.awt.windows.WToolkit"/>
    <property name="java.vm.info" value="mixed mode"/>
    <property name="java.version" value="1.8.0_91"/>
    <property name="java.ext.dirs" value="C:\Program Files\Java\jdk1.8.0_91\jre\lib\ext;C:\WINDOWS\Sun\Java\lib\ext"/>
    <property name="sun.boot.class.path" value="C:\Program Files\Java\jdk1.8.0_91\jre\lib\resources.jar;C:\Program Files\Java\jdk1.8.0_91\jre\lib\rt.jar;C:\Program Files\Java\jdk1.8.0_91\jre\lib\sunrsasign.jar;C:\Program Files\Java\jdk1.8.0_91\jre\lib\jsse.jar;C:\Program Files\Java\jdk1.8.0_91\jre\lib\jce.jar;C:\Program Files\Java\jdk1.8.0_91\jre\lib\charsets.jar;C:\Program Files\Java\jdk1.8.0_91\jre\lib\jfr.jar;C:\Program Files\Java\jdk1.8.0_91\jre\classes"/>
    <property name="sun.stderr.encoding" value="cp850"/>
    <property name="java.vendor" value="Oracle Corporation"/>
    <property name="maven.home" value="C:\Tanu Docs\TS\AUTOMATION PRACTICE\AllDownloadedFiles\apache-maven-3.6.0-bin\apache-maven-3.6.0\bin\.."/>
    <property name="file.separator" value="\"/>
    <property name="java.vendor.url.bug" value="http://bugreport.sun.com/bugreport/"/>
    <property name="sun.cpu.endian" value="little"/>
    <property name="sun.io.unicode.encoding" value="UnicodeLittle"/>
    <property name="sun.stdout.encoding" value="cp850"/>
    <property name="sun.desktop" value="windows"/>
    <property name="sun.cpu.isalist" value="amd64"/>
  </properties>
  <testcase classname="cucumberOptionsRunner.TestRunner2" name="initializationError" time="0">
    <error message="Not a file or directory: C:\Tanu Docs\Dec2018WorkSpace\CucumberFIrstProjectRahul\src\test\java\features\LoginToApp.feature" type="java.lang.IllegalArgumentException">java.lang.IllegalArgumentException: Not a file or directory: C:\Tanu Docs\Dec2018WorkSpace\CucumberFIrstProjectRahul\src\test\java\features\LoginToApp.feature
	at cucumber.runtime.io.FileResourceIterator$FileIterator.&lt;init&gt;(FileResourceIterator.java:54)
	at cucumber.runtime.io.FileResourceIterator.&lt;init&gt;(FileResourceIterator.java:20)
	at cucumber.runtime.io.FileResourceIterable.iterator(FileResourceIterable.java:19)
	at cucumber.runtime.model.CucumberFeature.loadFromFeaturePath(CucumberFeature.java:103)
	at cucumber.runtime.model.CucumberFeature.load(CucumberFeature.java:54)
	at cucumber.runtime.model.CucumberFeature.load(CucumberFeature.java:34)
	at cucumber.runtime.RuntimeOptions.cucumberFeatures(RuntimeOptions.java:239)
	at cucumber.api.junit.Cucumber.&lt;init&gt;(Cucumber.java:62)
	at sun.reflect.NativeConstructorAccessorImpl.newInstance0(Native Method)
	at sun.reflect.NativeConstructorAccessorImpl.newInstance(NativeConstructorAccessorImpl.java:62)
	at sun.reflect.DelegatingConstructorAccessorImpl.newInstance(DelegatingConstructorAccessorImpl.java:45)
	at java.lang.reflect.Constructor.newInstance(Constructor.java:423)
	at org.junit.internal.builders.AnnotatedBuilder.buildRunner(AnnotatedBuilder.java:104)
	at org.junit.internal.builders.AnnotatedBuilder.runnerForClass(AnnotatedBuilder.java:86)
	at org.junit.runners.model.RunnerBuilder.safeRunnerForClass(RunnerBuilder.java:59)
	at org.junit.internal.builders.AllDefaultPossibilitiesBuilder.runnerForClass(AllDefaultPossibilitiesBuilder.java:26)
	at org.junit.runners.model.RunnerBuilder.safeRunnerForClass(RunnerBuilder.java:59)
	at org.junit.internal.requests.ClassRequest.getRunner(ClassRequest.java:33)
	at org.apache.maven.surefire.junit4.JUnit4Provider.execute(JUnit4Provider.java:250)
	at org.apache.maven.surefire.junit4.JUnit4Provider.executeTestSet(JUnit4Provider.java:141)
	at org.apache.maven.surefire.junit4.JUnit4Provider.invoke(JUnit4Provider.java:112)
	at sun.reflect.NativeMethodAccessorImpl.invoke0(Native Method)
	at sun.reflect.NativeMethodAccessorImpl.invoke(NativeMethodAccessorImpl.java:62)
	at sun.reflect.DelegatingMethodAccessorImpl.invoke(DelegatingMethodAccessorImpl.java:43)
	at java.lang.reflect.Method.invoke(Method.java:498)
	at org.apache.maven.surefire.util.ReflectionUtils.invokeMethodWithArray(ReflectionUtils.java:189)
	at org.apache.maven.surefire.booter.ProviderFactory$ProviderProxy.invoke(ProviderFactory.java:165)
	at org.apache.maven.surefire.booter.ProviderFactory.invokeProvider(ProviderFactory.java:85)
	at org.apache.maven.surefire.booter.ForkedBooter.runSuitesInProcess(ForkedBooter.java:115)
	at org.apache.maven.surefire.booter.ForkedBooter.main(ForkedBooter.java:75)
</error>
    <system-out>
  @PortalTest
  Scenario Outline: Home page default login                                 &amp;#27;[90m# Account.feature:47&amp;#27;[0m
    &amp;#27;[32mGiven &amp;#27;[0m&amp;#27;[32mUser is on Netbanking landing page&amp;#27;[0m                                &amp;#27;[90m# StepDefination.user_is_on_netbanking_landing_page()&amp;#27;[0m
    &amp;#27;[32mWhen &amp;#27;[0m&amp;#27;[32mUser login into application with username &amp;#27;[0m&amp;#27;[32m&amp;#27;[1mUser4&amp;#27;[0m&amp;#27;[32m and password &amp;#27;[0m&amp;#27;[32m&amp;#27;[1mPass4&amp;#27;[0m &amp;#27;[90m# StepDefination.user_login_into_application_with_username_and_password(String,String)&amp;#27;[0m
    &amp;#27;[33mThen &amp;#27;[0m&amp;#27;[33mHome page is populated&amp;#27;[0m
    &amp;#27;[36mAnd &amp;#27;[0m&amp;#27;[36mCards displayed are &quot;&amp;#27;[0m&amp;#27;[36m&amp;#27;[1mTrue&amp;#27;[0m&amp;#27;[36m&quot;&amp;#27;[0m                                          &amp;#27;[90m# StepDefination.cards_displayed_are_something(String)&amp;#27;[0m

&amp;#27;[33mUndefined scenarios:&amp;#27;[0m
&amp;#27;[33mAccount.feature:10 &amp;#27;[0m# Scenario: Home page default login
&amp;#27;[33mAccount.feature:18 &amp;#27;[0m# Scenario: Home page default login
&amp;#27;[33mAccount.feature:26 &amp;#27;[0m# Scenario: Home page default login
&amp;#27;[33mAccount.feature:44 &amp;#27;[0m# Scenario Outline: Home page default login
&amp;#27;[33mAccount.feature:45 &amp;#27;[0m# Scenario Outline: Home page default login
&amp;#27;[33mAccount.feature:46 &amp;#27;[0m# Scenario Outline: Home page default login
&amp;#27;[33mAccount.feature:47 &amp;#27;[0m# Scenario Outline: Home page default login

7 Scenarios (&amp;#27;[33m7 undefined&amp;#27;[0m)
49 Steps (&amp;#27;[36m7 skipped&amp;#27;[0m, &amp;#27;[33m7 undefined&amp;#27;[0m, &amp;#27;[32m35 passed&amp;#27;[0m)
0m0.200s


You can implement missing steps with the snippets below:

@Then(&quot;^Home page is populated$&quot;)
public void home_page_is_populated() throws Throwable {
    // Write code here that turns the phrase above into concrete actions
    throw new PendingException();
}

</system-out>
  </testcase>
</testsuite>